<?xml version="1.0" encoding="UTF-8"?>
<!-- Generated by org.testng.reporters.JUnitReportReporter -->
<testsuite hostname="Karan" failures="0" tests="2" name="com.ck.ui.runner.TestRunner" time="5.869" errors="0" timestamp="2024-02-10T19:33:19 IST" skipped="0">
  <testcase classname="com.ck.ui.runner.TestRunner" name="runScenario" time="3.202"/>
  <system-out/>
  <testcase classname="com.ck.ui.runner.TestRunner" name="runScenario" time="2.667"/>
  <system-out/>
</testsuite> <!-- com.ck.ui.runner.TestRunner -->
